<errors>
<error type="info.kwarc.mmt.api.checking.RuleBasedChecker$$anon$1" shortMsg="invalid unit: check succeeded, but free variables remained: P" level="1">
  <stacktrace>
    <element>info.kwarc.mmt.api.checking.RuleBasedChecker.apply(RuleBasedChecker.scala:70)</element>
    <element>info.kwarc.mmt.api.opaque.TextInterpreter.$anonfun$check$5(TextInterpreter.scala:52)</element>
    <element>scala.Option.foreach(Option.scala:407)</element>
    <element>info.kwarc.mmt.api.opaque.TextInterpreter.$anonfun$check$3(TextInterpreter.scala:50)</element>
    <element>info.kwarc.mmt.api.opaque.TextInterpreter.$anonfun$check$3$adapted(TextInterpreter.scala:44)</element>
    <element>scala.collection.immutable.List.foreach(List.scala:392)</element>
    <element>info.kwarc.mmt.api.opaque.TextInterpreter.check(TextInterpreter.scala:44)</element>
    <element>info.kwarc.mmt.api.checking.MMTStructureChecker.check(MMTStructureChecker.scala:162)</element>
    <element>info.kwarc.mmt.api.checking.MMTStructureChecker.doDoc$1(MMTStructureChecker.scala:521)</element>
    <element>info.kwarc.mmt.api.checking.MMTStructureChecker.$anonfun$checkElementEnd$6(MMTStructureChecker.scala:517)</element>
    <element>info.kwarc.mmt.api.checking.MMTStructureChecker.$anonfun$checkElementEnd$6$adapted(MMTStructureChecker.scala:517)</element>
    <element>scala.collection.immutable.List.foreach(List.scala:392)</element>
    <element>info.kwarc.mmt.api.checking.MMTStructureChecker.doDoc$1(MMTStructureChecker.scala:517)</element>
    <element>info.kwarc.mmt.api.checking.MMTStructureChecker.checkElementEnd(MMTStructureChecker.scala:528)</element>
    <element>info.kwarc.mmt.api.checking.MMTStructureChecker.applyElementEnd(MMTStructureChecker.scala:81)</element>
    <element>info.kwarc.mmt.api.checking.TwoStepInterpreter$$anon$1.onElementEnd(Interpreter.scala:91)</element>
    <element>info.kwarc.mmt.api.parser.KeywordBasedParser.end(StructureParser.scala:145)</element>
    <element>info.kwarc.mmt.api.parser.KeywordBasedParser.readTheory(StructureParser.scala:774)</element>
    <element>info.kwarc.mmt.api.parser.KeywordBasedParser.readInDocument(StructureParser.scala:416)</element>
    <element>info.kwarc.mmt.api.parser.KeywordBasedParser.$anonfun$apply$1(StructureParser.scala:93)</element>
    <element>scala.runtime.java8.JFunction0$mcV$sp.apply(JFunction0$mcV$sp.java:23)</element>
    <element>info.kwarc.mmt.api.frontend.Logger.logGroup(Log.scala:34)</element>
    <element>info.kwarc.mmt.api.frontend.Logger.logGroup$(Log.scala:31)</element>
    <element>info.kwarc.mmt.api.parser.Parser.logGroup(Parser.scala:237)</element>
    <element>info.kwarc.mmt.api.parser.KeywordBasedParser.apply(StructureParser.scala:93)</element>
    <element>info.kwarc.mmt.api.parser.KeywordBasedParser.apply(StructureParser.scala:83)</element>
    <element>info.kwarc.mmt.api.checking.TwoStepInterpreter.apply(Interpreter.scala:94)</element>
    <element>info.kwarc.mmt.api.checking.Interpreter.importDocument(Interpreter.scala:45)</element>
    <element>info.kwarc.mmt.api.archives.Importer.buildFile(Index.scala:159)</element>
    <element>info.kwarc.mmt.api.archives.TraversingBuildTarget.runBuildTask(BuildTarget.scala:564)</element>
    <element>info.kwarc.mmt.api.archives.TraversingBuildTarget.runBuildTaskIfNeeded(BuildTarget.scala:470)</element>
    <element>info.kwarc.mmt.api.archives.TrivialBuildManager.$anonfun$addTasks$1(BuildQueue.scala:122)</element>
    <element>scala.collection.immutable.List.foreach(List.scala:392)</element>
    <element>info.kwarc.mmt.api.archives.TrivialBuildManager.addTasks(BuildQueue.scala:121)</element>
    <element>info.kwarc.mmt.api.archives.TraversingBuildTarget.build(BuildTarget.scala:389)</element>
    <element>info.kwarc.mmt.api.archives.TraversingBuildTarget.build(BuildTarget.scala:383)</element>
    <element>info.kwarc.mmt.api.archives.BuildTarget.apply(BuildTarget.scala:227)</element>
    <element>info.kwarc.mmt.api.frontend.actions.ArchiveActionHandling.$anonfun$buildArchive$1(ArchiveAction.scala:119)</element>
    <element>info.kwarc.mmt.api.frontend.actions.ArchiveActionHandling.$anonfun$buildArchive$1$adapted(ArchiveAction.scala:96)</element>
    <element>scala.collection.immutable.List.foreach(List.scala:392)</element>
    <element>info.kwarc.mmt.api.frontend.actions.ArchiveActionHandling.buildArchive(ArchiveAction.scala:96)</element>
    <element>info.kwarc.mmt.api.frontend.actions.ArchiveActionHandling.buildArchive$(ArchiveAction.scala:95)</element>
    <element>info.kwarc.mmt.api.frontend.Controller.buildArchive(Controller.scala:74)</element>
    <element>info.kwarc.mmt.api.frontend.actions.ArchiveBuild.apply(ArchiveAction.scala:13)</element>
    <element>info.kwarc.mmt.api.frontend.actions.ActionHandling.handle(ActionHandling.scala:48)</element>
    <element>info.kwarc.mmt.api.frontend.actions.ActionHandling.handle$(ActionHandling.scala:37)</element>
    <element>info.kwarc.mmt.api.frontend.Controller.handle(Controller.scala:74)</element>
    <element>info.kwarc.mmt.api.frontend.actions.ActionHandling.handleLine(ActionHandling.scala:33)</element>
    <element>info.kwarc.mmt.api.frontend.actions.ActionHandling.handleLine$(ActionHandling.scala:31)</element>
    <element>info.kwarc.mmt.api.frontend.Controller.handleLine(Controller.scala:74)</element>
    <element>info.kwarc.mmt.api.frontend.actions.ExecActionHandling.$anonfun$runMSLFile$1(ExecAction.scala:62)</element>
    <element>info.kwarc.mmt.api.frontend.actions.ExecActionHandling.$anonfun$runMSLFile$1$adapted(ExecAction.scala:62)</element>
    <element>scala.collection.IndexedSeqOptimized.foreach(IndexedSeqOptimized.scala:36)</element>
    <element>scala.collection.IndexedSeqOptimized.foreach$(IndexedSeqOptimized.scala:33)</element>
    <element>scala.collection.mutable.ArrayOps$ofRef.foreach(ArrayOps.scala:198)</element>
    <element>info.kwarc.mmt.api.frontend.actions.ExecActionHandling.runMSLFile(ExecAction.scala:62)</element>
    <element>info.kwarc.mmt.api.frontend.actions.ExecActionHandling.runMSLFile$(ExecAction.scala:54)</element>
    <element>info.kwarc.mmt.api.frontend.Controller.runMSLFile(Controller.scala:74)</element>
    <element>info.kwarc.mmt.api.frontend.actions.ExecFile.apply(ExecAction.scala:15)</element>
    <element>info.kwarc.mmt.api.frontend.actions.ActionHandling.handle(ActionHandling.scala:48)</element>
    <element>info.kwarc.mmt.api.frontend.actions.ActionHandling.handle$(ActionHandling.scala:37)</element>
    <element>info.kwarc.mmt.api.frontend.Controller.handle(Controller.scala:74)</element>
    <element>info.kwarc.mmt.api.frontend.actions.ActionHandling.handleLine(ActionHandling.scala:33)</element>
    <element>info.kwarc.mmt.api.frontend.actions.ActionHandling.handleLine$(ActionHandling.scala:31)</element>
    <element>info.kwarc.mmt.api.frontend.Controller.handleLine(Controller.scala:74)</element>
    <element>info.kwarc.mmt.intellij.MMTPluginInterface.handleLine(MMTPlugin.scala:117)</element>
    <element>java.base/jdk.internal.reflect.NativeMethodAccessorImpl.invoke0(Native Method)</element>
    <element>java.base/jdk.internal.reflect.NativeMethodAccessorImpl.invoke(NativeMethodAccessorImpl.java:62)</element>
    <element>java.base/jdk.internal.reflect.DelegatingMethodAccessorImpl.invoke(DelegatingMethodAccessorImpl.java:43)</element>
    <element>java.base/java.lang.reflect.Method.invoke(Method.java:566)</element>
    <element>scala.reflect.runtime.JavaMirrors$JavaMirror$JavaVanillaMethodMirror1.jinvokeraw(JavaMirrors.scala:407)</element>
    <element>scala.reflect.runtime.JavaMirrors$JavaMirror$JavaMethodMirror.jinvoke(JavaMirrors.scala:373)</element>
    <element>scala.reflect.runtime.JavaMirrors$JavaMirror$JavaVanillaMethodMirror.apply(JavaMirrors.scala:389)</element>
    <element>info.kwarc.mmt.utils.Reflection$ThisReflectedInstance.method(Reflection.scala:32)</element>
    <element>info.kwarc.mmt.intellij.MMTJar.method(Plugin.scala:111)</element>
    <element>info.kwarc.mmt.intellij.MMTJar.handleLine(Plugin.scala:122)</element>
    <element>info.kwarc.mmt.intellij.ui.ShellViewer.doAction(Shell.scala:39)</element>
    <element>info.kwarc.mmt.intellij.ui.ShellViewer.actionPerformed(Shell.scala:34)</element>
    <element>java.desktop/javax.swing.JTextField.fireActionPerformed(JTextField.java:508)</element>
    <element>java.desktop/javax.swing.JTextField.postActionEvent(JTextField.java:723)</element>
    <element>java.desktop/javax.swing.JTextField$NotifyAction.actionPerformed(JTextField.java:839)</element>
    <element>java.desktop/javax.swing.JFormattedTextField$CommitAction.actionPerformed(JFormattedTextField.java:1132)</element>
    <element>java.desktop/javax.swing.SwingUtilities.notifyAction(SwingUtilities.java:1810)</element>
    <element>java.desktop/javax.swing.JComponent.processKeyBinding(JComponent.java:2903)</element>
    <element>java.desktop/javax.swing.JComponent.processKeyBindings(JComponent.java:2951)</element>
    <element>java.desktop/javax.swing.JComponent.processKeyEvent(JComponent.java:2865)</element>
    <element>java.desktop/java.awt.Component.processEvent(Component.java:6428)</element>
    <element>java.desktop/java.awt.Container.processEvent(Container.java:2263)</element>
    <element>java.desktop/java.awt.Component.dispatchEventImpl(Component.java:5026)</element>
    <element>java.desktop/java.awt.Container.dispatchEventImpl(Container.java:2321)</element>
    <element>java.desktop/java.awt.Component.dispatchEvent(Component.java:4858)</element>
    <element>java.desktop/java.awt.KeyboardFocusManager.redispatchEvent(KeyboardFocusManager.java:1950)</element>
    <element>java.desktop/java.awt.DefaultKeyboardFocusManager.dispatchKeyEvent(DefaultKeyboardFocusManager.java:878)</element>
    <element>java.desktop/java.awt.DefaultKeyboardFocusManager.preDispatchKeyEvent(DefaultKeyboardFocusManager.java:1148)</element>
    <element>java.desktop/java.awt.DefaultKeyboardFocusManager.typeAheadAssertions(DefaultKeyboardFocusManager.java:1017)</element>
    <element>java.desktop/java.awt.DefaultKeyboardFocusManager.dispatchEvent(DefaultKeyboardFocusManager.java:843)</element>
    <element>com.intellij.ide.IdeKeyboardFocusManager.dispatchEvent(IdeKeyboardFocusManager.java:40)</element>
    <element>java.desktop/java.awt.Component.dispatchEventImpl(Component.java:4907)</element>
    <element>java.desktop/java.awt.Container.dispatchEventImpl(Container.java:2321)</element>
    <element>java.desktop/java.awt.Window.dispatchEventImpl(Window.java:2773)</element>
    <element>java.desktop/java.awt.Component.dispatchEvent(Component.java:4858)</element>
    <element>java.desktop/java.awt.EventQueue.dispatchEventImpl(EventQueue.java:778)</element>
    <element>java.desktop/java.awt.EventQueue$4.run(EventQueue.java:727)</element>
    <element>java.desktop/java.awt.EventQueue$4.run(EventQueue.java:721)</element>
    <element>java.base/java.security.AccessController.doPrivileged(Native Method)</element>
    <element>java.base/java.security.ProtectionDomain$JavaSecurityAccessImpl.doIntersectionPrivilege(ProtectionDomain.java:85)</element>
    <element>java.base/java.security.ProtectionDomain$JavaSecurityAccessImpl.doIntersectionPrivilege(ProtectionDomain.java:95)</element>
    <element>java.desktop/java.awt.EventQueue$5.run(EventQueue.java:751)</element>
    <element>java.desktop/java.awt.EventQueue$5.run(EventQueue.java:749)</element>
    <element>java.base/java.security.AccessController.doPrivileged(Native Method)</element>
    <element>java.base/java.security.ProtectionDomain$JavaSecurityAccessImpl.doIntersectionPrivilege(ProtectionDomain.java:85)</element>
    <element>java.desktop/java.awt.EventQueue.dispatchEvent(EventQueue.java:748)</element>
    <element>com.intellij.ide.IdeEventQueue.defaultDispatchEvent(IdeEventQueue.java:974)</element>
    <element>com.intellij.ide.IdeEventQueue.dispatchKeyEvent(IdeEventQueue.java:900)</element>
    <element>com.intellij.ide.IdeEventQueue._dispatchEvent(IdeEventQueue.java:841)</element>
    <element>com.intellij.ide.IdeEventQueue.lambda$null$8(IdeEventQueue.java:449)</element>
    <element>com.intellij.openapi.progress.impl.CoreProgressManager.computePrioritized(CoreProgressManager.java:741)</element>
    <element>com.intellij.ide.IdeEventQueue.lambda$dispatchEvent$9(IdeEventQueue.java:448)</element>
    <element>com.intellij.openapi.application.impl.ApplicationImpl.runIntendedWriteActionOnCurrentThread(ApplicationImpl.java:831)</element>
    <element>com.intellij.ide.IdeEventQueue.dispatchEvent(IdeEventQueue.java:502)</element>
    <element>java.desktop/java.awt.EventDispatchThread.pumpOneEventForFilters(EventDispatchThread.java:203)</element>
    <element>java.desktop/java.awt.EventDispatchThread.pumpEventsForFilter(EventDispatchThread.java:124)</element>
    <element>java.desktop/java.awt.EventDispatchThread.pumpEventsForHierarchy(EventDispatchThread.java:113)</element>
    <element>java.desktop/java.awt.EventDispatchThread.pumpEvents(EventDispatchThread.java:109)</element>
    <element>java.desktop/java.awt.EventDispatchThread.pumpEvents(EventDispatchThread.java:101)</element>
    <element>java.desktop/java.awt.EventDispatchThread.run(EventDispatchThread.java:90)</element>
  </stacktrace>
</error>
</errors>
